<?xml version="1.0" encoding="UTF-8"?>
<!-- Generated by org.testng.reporters.JUnitReportReporter -->
<testsuite hostname="DESKTOP-M31QTCK" failures="0" tests="1" name="Com.agilecrm.Addcompany" time="1.170" errors="0" timestamp="2022-07-27T12:24:21 IST" skipped="0">
  <testcase classname="Com.agilecrm.Addcompany" name="addcompany" time="1.170"/>
  <system-out/>
</testsuite> <!-- Com.agilecrm.Addcompany -->
